<?xml version="1.0" encoding="UTF-8" ?>
<testsuite tests="6" failures="0" name="AutoRendszamTest" time="0.006" errors="0" skipped="0">
  <properties>
[...]
</properties>
  <testcase classname="AutoRendszamTest" name="testRendszam[0]" time="0.005"/>
  <testcase classname="AutoRendszamTest" name="testRendszam[1]" time="0"/>
  <testcase classname="AutoRendszamTest" name="testRendszam[2]" time="0"/>
  <testcase classname="AutoRendszamTest" name="testRendszam[3]" time="0"/>
  <testcase classname="AutoRendszamTest" name="testRendszam[4]" time="0"/>
  <testcase classname="AutoRendszamTest" name="testRendszam[5]" time="0.001"/>
</testsuite>